[info] 2024-07-24 00:13:30 <admin> Basic認証通過
[info] 2024-07-26 17:15:50 <admin> Basic認証通過
[info] 2024-07-26 17:43:26 <> Basic認証通過
[info] 2024-07-26 17:44:58 <> Basic認証通過
[info] 2024-07-26 17:50:38 <> Basic認証通過
[info] 2024-08-01 10:17:25 <> Basic認証通過
[info] 2024-08-05 08:55:24 <> Basic認証通過
[info] 2024-08-15 10:38:34 <admin> Basic認証通過
[info] 2024-08-15 11:17:27 <admin> Basic認証通過
[info] 2024-08-15 11:18:55 <admin> m_contractor更新処理完了:{"contractor_id":1}
[info] 2024-08-15 11:18:55 <admin> GUIのIP制限更新処理完了:{"contractor_id":1,"allow_ips":""}
[info] 2024-08-15 11:18:55 <admin> 更新処理完了:{"contractor_id":1}
[info] 2024-08-15 11:18:56 <admin> Basic認証通過
[info] 2024-08-21 10:55:19 <admin> Basic認証通過
[info] 2024-08-21 10:55:28 <admin> Basic認証通過
[info] 2024-08-21 10:55:29 <admin> Basic認証通過
[info] 2024-08-21 10:55:30 <admin> Basic認証通過
[info] 2024-08-21 10:55:34 <admin> Basic認証通過
[info] 2024-08-21 10:59:30 <admin> Basic認証通過(User)
[info] 2024-08-21 10:59:40 <admin> Basic認証通過(Admin)
[info] 2024-08-21 11:40:04 <admin> Basic認証通過(User)
[info] 2024-08-21 11:40:24 <admin> Basic認証通過(User)
[info] 2024-08-21 11:43:34 <admin> Basic認証通過(User)
[info] 2024-08-23 17:32:11 <user> Basic認証通過(Admin)
[info] 2024-08-23 17:33:22 <user> Basic認証通過(Admin)
[info] 2024-08-26 13:38:27 <> Basic認証通過(Admin)
[info] 2024-08-26 13:40:13 <> Basic認証通過(Admin)
[error]  <>指定されたパスが間違っています
[error]  <>指定されたパスが間違っています
[error]  <>指定されたパスが間違っています
[info] 2024-08-28 13:07:35 <user> Basic認証通過(Admin)
[info] 2024-08-28 15:17:34 <> Basic認証通過(Admin)
[info] 2024-08-28 17:30:04 <> Basic認証通過(Admin)
[info] 2024-08-28 17:30:09 <> Basic認証通過(Admin)
[info] 2024-08-29 12:49:33 <> Basic認証通過(Admin)
[info] 2024-08-29 13:43:15 <> Basic認証通過(Admin)
[info] 2024-08-29 20:06:12 <> Basic認証通過(Admin)
[info] 2024-08-29 21:43:50 <> Basic認証通過(Admin)
[info] 2024-08-29 21:44:40 <> 初期化処理の開始:{"contractor_id":1}
[info] 2024-08-29 21:44:40 <> S3削除開始:{"contractor_id":1}
[info] 2024-08-29 21:44:40 <> S3の削除実行失敗:{"exec":"aws s3 rm s3://ds-picture/000001/person --recursive"}
[info] 2024-08-29 21:44:40 <> S3の削除実行失敗:{"exec":"aws s3 rm s3://ds-picture/000001/picture --recursive"}
[info] 2024-08-29 21:44:40 <> 初期化処理終了:{"contractor_id":1}
[info] 2024-08-29 21:44:41 <> Basic認証通過(Admin)
[info] 2024-09-03 16:44:20 <> Basic認証通過(Admin)
[info] 2024-09-03 16:44:34 <> m_contractor更新処理完了:{"contractor_id":1}
[info] 2024-09-03 16:44:34 <> GUIのIP制限更新処理完了:{"contractor_id":1,"allow_ips":""}
[info] 2024-09-03 16:44:34 <> 更新処理完了:{"contractor_id":1}
[info] 2024-09-03 16:44:35 <> Basic認証通過(Admin)
[info] 2024-09-05 10:15:35 <> Basic認証通過(Admin)
[info] 2024-09-05 10:16:01 <> Basic認証通過(Admin)
[info] 2024-09-05 10:16:19 <> m_contractor更新処理完了:{"contractor_id":1}
[info] 2024-09-05 10:16:19 <> GUIのIP制限更新処理完了:{"contractor_id":1,"allow_ips":""}
[info] 2024-09-05 10:16:19 <> 更新処理完了:{"contractor_id":1}
[info] 2024-09-05 10:16:20 <> Basic認証通過(Admin)
[info] 2024-09-05 11:02:28 <> m_contractor更新処理完了:{"contractor_id":1}
[info] 2024-09-05 11:02:28 <> GUIのIP制限更新処理完了:{"contractor_id":1,"allow_ips":""}
[info] 2024-09-05 11:02:28 <> 更新処理完了:{"contractor_id":1}
[info] 2024-09-05 11:02:29 <> Basic認証通過(Admin)
[info] 2024-09-06 11:53:52 <> Basic認証通過(Admin)
[info] 2024-09-10 14:59:20 <> Basic認証通過(Admin)
[info] 2024-09-10 15:29:14 <> Basic認証通過(Admin)
[info] 2024-09-10 15:34:05 <> Basic認証通過(Admin)
[info] 2024-09-10 15:34:07 <> Basic認証通過(Admin)
[info] 2024-09-10 15:34:07 <> Basic認証通過(Admin)
[info] 2024-09-10 15:34:14 <> Basic認証通過(Admin)
[info] 2024-09-10 15:34:25 <> Basic認証通過(Admin)
[info] 2024-09-10 15:34:27 <> Basic認証通過(Admin)
[info] 2024-09-10 15:34:35 <> Basic認証通過(Admin)
[info] 2024-09-10 15:34:35 <> Basic認証通過(Admin)
[info] 2024-09-10 15:34:41 <> Basic認証通過(Admin)
[info] 2024-09-10 15:34:42 <> Basic認証通過(Admin)
[info] 2024-09-10 15:34:48 <> Basic認証通過(Admin)
[info] 2024-09-10 15:36:41 <> Basic認証通過(Admin)
[info] 2024-09-10 15:36:43 <> Basic認証通過(Admin)
[info] 2024-09-10 15:37:20 <> m_contractor更新処理完了:{"contractor_id":1}
[info] 2024-09-10 15:37:20 <> GUIのIP制限更新処理完了:{"contractor_id":1,"allow_ips":""}
[info] 2024-09-10 15:37:20 <> 更新処理完了:{"contractor_id":1}
[info] 2024-09-10 15:37:20 <> Basic認証通過(Admin)
[info] 2024-09-10 15:37:31 <> m_contractor更新処理完了:{"contractor_id":1}
[info] 2024-09-10 15:37:31 <> GUIのIP制限更新処理完了:{"contractor_id":1,"allow_ips":""}
[info] 2024-09-10 15:37:31 <> 更新処理完了:{"contractor_id":1}
[info] 2024-09-10 15:37:32 <> Basic認証通過(Admin)
[info] 2024-09-10 15:38:49 <> Basic認証通過(Admin)
[info] 2024-09-10 15:39:14 <> Basic認証通過(Admin)
[info] 2024-09-12 18:11:11 <> Basic認証通過(Admin)
[info] 2024-09-12 18:26:31 <> 初期化処理の開始:{"contractor_id":1}
[info] 2024-09-12 18:26:31 <> auth_set_idは処理せず:{"contractor_id":1}
[info] 2024-09-12 18:26:31 <> S3削除開始:{"contractor_id":1}
[info] 2024-09-12 18:26:31 <> 画像の削除実行成功:{"exec":"rm -rf /var/www/ds-picture/000001/"}
[info] 2024-09-12 18:26:31 <> オンプレなので分割はなし
[info] 2024-09-12 18:26:31 <> 初期化処理終了:{"contractor_id":1}
[info] 2024-09-12 18:26:32 <> Basic認証通過(Admin)
[info] 2024-09-13 15:22:42 <> Basic認証通過(Admin)
[info] 2024-09-13 15:22:51 <> Basic認証通過(Admin)
[info] 2024-09-17 10:50:58 <> Basic認証通過(Admin)
[info] 2024-09-17 11:26:31 <> Basic認証通過(Admin)
[info] 2024-09-17 12:36:24 <> Basic認証通過(Admin)
[info] 2024-09-17 16:08:24 <> Basic認証通過(Admin)
[info] 2024-09-18 17:46:34 <> Basic認証通過(Admin)
[info] 2024-09-20 14:15:28 <> Basic認証通過(Admin)
[info] 2025-07-24 09:44:38 <admin> Basic認証通過(Admin)
[info] 2025-07-24 09:47:04 <admin> Basic認証通過(Admin)
[info] 2025-07-24 09:47:33 <admin> m_contractor更新処理完了:{"contractor_id":1}
[info] 2025-07-24 09:47:33 <admin> GUIのIP制限更新処理完了:{"contractor_id":1,"allow_ips":""}
[info] 2025-07-24 09:47:33 <admin> 更新処理完了:{"contractor_id":1}
[info] 2025-07-24 09:47:34 <admin> Basic認証通過(Admin)
[info] 2025-07-24 10:39:50 <admin> Basic認証通過(Admin)
[info] 2025-07-24 10:40:01 <admin> m_contractor更新処理完了:{"contractor_id":1}
[info] 2025-07-24 10:40:01 <admin> GUIのIP制限更新処理完了:{"contractor_id":1,"allow_ips":""}
[info] 2025-07-24 10:40:01 <admin> 更新処理完了:{"contractor_id":1}
[info] 2025-07-24 10:40:02 <admin> Basic認証通過(Admin)
[info] 2025-07-24 10:41:07 <admin> 初期化処理の開始:{"contractor_id":1}
[info] 2025-07-24 10:41:07 <admin> auth_set_idは処理せず:{"contractor_id":1}
[info] 2025-07-24 10:41:07 <admin> S3削除開始:{"contractor_id":1}
[info] 2025-07-24 10:41:07 <admin> 画像の削除実行成功:{"exec":"rm -rf /var/www/ds-picture/000001/"}
[info] 2025-07-24 10:41:07 <admin> オンプレなので分割はなし
[info] 2025-07-24 10:41:07 <admin> 初期化処理終了:{"contractor_id":1}
[info] 2025-07-24 10:41:08 <admin> Basic認証通過(Admin)
[info] 2025-07-24 10:48:45 <admin> Basic認証通過(Admin)
[info] 2025-07-31 12:48:02 <admin> Basic認証通過(Admin)
[info] 2025-07-31 12:48:28 <admin> m_contractor更新処理完了:{"contractor_id":1}
[info] 2025-07-31 12:48:28 <admin> GUIのIP制限更新処理完了:{"contractor_id":1,"allow_ips":""}
[info] 2025-07-31 12:48:28 <admin> 更新処理完了:{"contractor_id":1}
[info] 2025-07-31 12:48:30 <admin> Basic認証通過(Admin)
